# JRE version: OpenJDK Runtime Environment (8.0_202-b03) (build 1.8.0_202-release-1483-b03)
# Java VM: OpenJDK 64-Bit Server VM (25.202-b03 mixed mode windows-amd64 compressed oops)
Heap:
 PSYoungGen      total 152576K, used 73890K [0x00000000e0000000, 0x00000000ecf80000, 0x0000000100000000)
  eden space 120320K, 34% used [0x00000000e0000000,0x00000000e28adc10,0x00000000e7580000)
  from space 32256K, 99% used [0x00000000e7880000,0x00000000e97fac00,0x00000000e9800000)
  to   space 46080K, 0% used [0x00000000ea280000,0x00000000ea280000,0x00000000ecf80000)
 ParOldGen       total 165376K, used 63021K [0x00000000a0000000, 0x00000000aa180000, 0x00000000e0000000)
  object space 165376K, 38% used [0x00000000a0000000,0x00000000a3d8b758,0x00000000aa180000)
 Metaspace       used 88469K, capacity 93000K, committed 93144K, reserved 1130496K
  class space    used 11531K, capacity 12435K, committed 12544K, reserved 1048576K
GC Heap History (10 events):
Event: 2324.015 GC heap before
{Heap before GC invocations=18 (full 3):
 PSYoungGen      total 164352K, used 164331K [0x00000000e0000000, 0x00000000ecb00000, 0x0000000100000000)
  eden space 135680K, 100% used [0x00000000e0000000,0x00000000e8480000,0x00000000e8480000)
  from space 28672K, 99% used [0x00000000ea680000,0x00000000ec27ac30,0x00000000ec280000)
  to   space 34816K, 0% used [0x00000000e8480000,0x00000000e8480000,0x00000000ea680000)
 ParOldGen       total 165376K, used 53612K [0x00000000a0000000, 0x00000000aa180000, 0x00000000e0000000)
  object space 165376K, 32% used [0x00000000a0000000,0x00000000a345b3d8,0x00000000aa180000)
 Metaspace       used 83791K, capacity 87596K, committed 87768K, reserved 1126400K
  class space    used 10933K, capacity 11723K, committed 11776K, reserved 1048576K
Event: 2324.059 GC heap after
Heap after GC invocations=18 (full 3):
 PSYoungGen      total 167424K, used 34792K [0x00000000e0000000, 0x00000000ed080000, 0x0000000100000000)
  eden space 132608K, 0% used [0x00000000e0000000,0x00000000e0000000,0x00000000e8180000)
  from space 34816K, 99% used [0x00000000e8480000,0x00000000ea67a1f0,0x00000000ea680000)
  to   space 40448K, 0% used [0x00000000ea900000,0x00000000ea900000,0x00000000ed080000)
 ParOldGen       total 165376K, used 54461K [0x00000000a0000000, 0x00000000aa180000, 0x00000000e0000000)
  object space 165376K, 32% used [0x00000000a0000000,0x00000000a352f790,0x00000000aa180000)
 Metaspace       used 83791K, capacity 87596K, committed 87768K, reserved 1126400K
  class space    used 10933K, capacity 11723K, committed 11776K, reserved 1048576K
}
Event: 2356.244 GC heap before
{Heap before GC invocations=19 (full 3):
 PSYoungGen      total 167424K, used 167400K [0x00000000e0000000, 0x00000000ed080000, 0x0000000100000000)
  eden space 132608K, 100% used [0x00000000e0000000,0x00000000e8180000,0x00000000e8180000)
  from space 34816K, 99% used [0x00000000e8480000,0x00000000ea67a1f0,0x00000000ea680000)
  to   space 40448K, 0% used [0x00000000ea900000,0x00000000ea900000,0x00000000ed080000)
 ParOldGen       total 165376K, used 62986K [0x00000000a0000000, 0x00000000aa180000, 0x00000000e0000000)
  object space 165376K, 38% used [0x00000000a0000000,0x00000000a3d828f8,0x00000000aa180000)
 Metaspace       used 84701K, capacity 88650K, committed 88920K, reserved 1126400K
  class space    used 11008K, capacity 11826K, committed 11904K, reserved 1048576K
Event: 2356.307 GC heap after
Heap after GC invocations=19 (full 3):
 PSYoungGen      total 168960K, used 26263K [0x00000000e0000000, 0x00000000ecf80000, 0x0000000100000000)
  eden space 129536K, 0% used [0x00000000e0000000,0x00000000e0000000,0x00000000e7e80000)
  from space 39424K, 66% used [0x00000000ea900000,0x00000000ec2a5da0,0x00000000ecf80000)
  to   space 41472K, 0% used [0x00000000e7e80000,0x00000000e7e80000,0x00000000ea700000)
 ParOldGen       total 165376K, used 62994K [0x00000000a0000000, 0x00000000aa180000, 0x00000000e0000000)
  object space 165376K, 38% used [0x00000000a0000000,0x00000000a3d848f8,0x00000000aa180000)
 Metaspace       used 84701K, capacity 88650K, committed 88920K, reserved 1126400K
  class space    used 11008K, capacity 11826K, committed 11904K, reserved 1048576K
}
Event: 2431.075 GC heap before
{Heap before GC invocations=20 (full 3):
 PSYoungGen      total 168960K, used 155799K [0x00000000e0000000, 0x00000000ecf80000, 0x0000000100000000)
  eden space 129536K, 100% used [0x00000000e0000000,0x00000000e7e80000,0x00000000e7e80000)
  from space 39424K, 66% used [0x00000000ea900000,0x00000000ec2a5da0,0x00000000ecf80000)
  to   space 41472K, 0% used [0x00000000e7e80000,0x00000000e7e80000,0x00000000ea700000)
 ParOldGen       total 165376K, used 62997K [0x00000000a0000000, 0x00000000aa180000, 0x00000000e0000000)
  object space 165376K, 38% used [0x00000000a0000000,0x00000000a3d85758,0x00000000aa180000)
 Metaspace       used 87041K, capacity 91280K, committed 91608K, reserved 1128448K
  class space    used 11375K, capacity 12201K, committed 12288K, reserved 1048576K
Event: 2431.125 GC heap after
Heap after GC invocations=20 (full 3):
 PSYoungGen      total 155136K, used 28670K [0x00000000e0000000, 0x00000000ecf80000, 0x0000000100000000)
  eden space 126464K, 0% used [0x00000000e0000000,0x00000000e0000000,0x00000000e7b80000)
  from space 28672K, 99% used [0x00000000e7e80000,0x00000000e9a7f8d0,0x00000000e9a80000)
  to   space 43008K, 0% used [0x00000000ea580000,0x00000000ea580000,0x00000000ecf80000)
 ParOldGen       total 165376K, used 63005K [0x00000000a0000000, 0x00000000aa180000, 0x00000000e0000000)
  object space 165376K, 38% used [0x00000000a0000000,0x00000000a3d87758,0x00000000aa180000)
 Metaspace       used 87041K, capacity 91280K, committed 91608K, reserved 1128448K
  class space    used 11375K, capacity 12201K, committed 12288K, reserved 1048576K
}
Event: 3024.379 GC heap before
{Heap before GC invocations=21 (full 3):
 PSYoungGen      total 155136K, used 155134K [0x00000000e0000000, 0x00000000ecf80000, 0x0000000100000000)
  eden space 126464K, 100% used [0x00000000e0000000,0x00000000e7b80000,0x00000000e7b80000)
  from space 28672K, 99% used [0x00000000e7e80000,0x00000000e9a7f8d0,0x00000000e9a80000)
  to   space 43008K, 0% used [0x00000000ea580000,0x00000000ea580000,0x00000000ecf80000)
 ParOldGen       total 165376K, used 63005K [0x00000000a0000000, 0x00000000aa180000, 0x00000000e0000000)
  object space 165376K, 38% used [0x00000000a0000000,0x00000000a3d87758,0x00000000aa180000)
 Metaspace       used 87711K, capacity 92222K, committed 92504K, reserved 1130496K
  class space    used 11433K, capacity 12338K, committed 12416K, reserved 1048576K
Event: 3024.416 GC heap after
Heap after GC invocations=21 (full 3):
 PSYoungGen      total 165376K, used 28112K [0x00000000e0000000, 0x00000000ece80000, 0x0000000100000000)
  eden space 123392K, 0% used [0x00000000e0000000,0x00000000e0000000,0x00000000e7880000)
  from space 41984K, 66% used [0x00000000ea580000,0x00000000ec0f4180,0x00000000ece80000)
  to   space 44032K, 0% used [0x00000000e7880000,0x00000000e7880000,0x00000000ea380000)
 ParOldGen       total 165376K, used 63013K [0x00000000a0000000, 0x00000000aa180000, 0x00000000e0000000)
  object space 165376K, 38% used [0x00000000a0000000,0x00000000a3d89758,0x00000000aa180000)
 Metaspace       used 87711K, capacity 92222K, committed 92504K, reserved 1130496K
  class space    used 11433K, capacity 12338K, committed 12416K, reserved 1048576K
}
Event: 3704.747 GC heap before
{Heap before GC invocations=22 (full 3):
 PSYoungGen      total 165376K, used 151504K [0x00000000e0000000, 0x00000000ece80000, 0x0000000100000000)
  eden space 123392K, 100% used [0x00000000e0000000,0x00000000e7880000,0x00000000e7880000)
  from space 41984K, 66% used [0x00000000ea580000,0x00000000ec0f4180,0x00000000ece80000)
  to   space 44032K, 0% used [0x00000000e7880000,0x00000000e7880000,0x00000000ea380000)
 ParOldGen       total 165376K, used 63013K [0x00000000a0000000, 0x00000000aa180000, 0x00000000e0000000)
  object space 165376K, 38% used [0x00000000a0000000,0x00000000a3d89758,0x00000000aa180000)
 Metaspace       used 88421K, capacity 92930K, committed 93144K, reserved 1130496K
  class space    used 11526K, capacity 12434K, committed 12544K, reserved 1048576K
Event: 3704.840 GC heap after
Heap after GC invocations=22 (full 3):
 PSYoungGen      total 152576K, used 32235K [0x00000000e0000000, 0x00000000ecf80000, 0x0000000100000000)
  eden space 120320K, 0% used [0x00000000e0000000,0x00000000e0000000,0x00000000e7580000)
  from space 32256K, 99% used [0x00000000e7880000,0x00000000e97fac00,0x00000000e9800000)
  to   space 46080K, 0% used [0x00000000ea280000,0x00000000ea280000,0x00000000ecf80000)
 ParOldGen       total 165376K, used 63021K [0x00000000a0000000, 0x00000000aa180000, 0x00000000e0000000)
  object space 165376K, 38% used [0x00000000a0000000,0x00000000a3d8b758,0x00000000aa180000)
 Metaspace       used 88421K, capacity 92930K, committed 93144K, reserved 1130496K
  class space    used 11526K, capacity 12434K, committed 12544K, reserved 1048576K
}

